<?xml version="1.0" encoding="utf-8"?>
<CoverageSession xmlns:xsd="http://www.w3.org/2001/XMLSchema" xmlns:xsi="http://www.w3.org/2001/XMLSchema-instance" Version="4.6.0.0">
  <Summary numSequencePoints="30" visitedSequencePoints="9" numBranchPoints="7" visitedBranchPoints="3" sequenceCoverage="30" branchCoverage="42.86" maxCyclomaticComplexity="2" minCyclomaticComplexity="1" maxCrapScore="2.15" minCrapScore="1" visitedClasses="2" numClasses="2" visitedMethods="2" numMethods="5" />
  <Modules>
    <Module hash="64-78-0E-42-82-09-65-E7-DF-45-30-3E-BC-D0-95-26-BE-C7-A3-7B">
      <Summary numSequencePoints="24" visitedSequencePoints="5" numBranchPoints="4" visitedBranchPoints="1" sequenceCoverage="20.83" branchCoverage="25" maxCyclomaticComplexity="1" minCyclomaticComplexity="1" maxCrapScore="2" minCrapScore="1" visitedClasses="1" numClasses="1" visitedMethods="1" numMethods="4" />
      <ModulePath>C:\Projects\DotNet\LifeBoatUnitTest\LifeBoatUnitTest.Logic\LifeBoatUnitTest.Logic.Test\bin\Debug\LifeBoatUnitTest.Logic.Test.dll</ModulePath>
      <ModuleTime>2018-08-18T13:37:35.2782417Z</ModuleTime>
      <ModuleName>LifeBoatUnitTest.Logic.Test</ModuleName>
      <Files>
        <File uid="1" fullPath="C:\Projects\DotNet\LifeBoatUnitTest\LifeBoatUnitTest.Logic\LifeBoatUnitTest.Logic.Test\FileProcessTest.cs" />
      </Files>
      <Classes>
        <Class>
          <Summary numSequencePoints="24" visitedSequencePoints="5" numBranchPoints="4" visitedBranchPoints="1" sequenceCoverage="20.83" branchCoverage="25" maxCyclomaticComplexity="1" minCyclomaticComplexity="1" maxCrapScore="2" minCrapScore="1" visitedClasses="1" numClasses="1" visitedMethods="1" numMethods="4" />
          <FullName>LifeBoatUnitTest.Logic.Test.FileProcessTest</FullName>
          <Methods>
            <Method visited="true" cyclomaticComplexity="1" nPathComplexity="0" sequenceCoverage="100" branchCoverage="100" crapScore="1" isConstructor="false" isStatic="false" isGetter="false" isSetter="false">
              <Summary numSequencePoints="5" visitedSequencePoints="5" numBranchPoints="1" visitedBranchPoints="1" sequenceCoverage="100" branchCoverage="100" maxCyclomaticComplexity="1" minCyclomaticComplexity="1" maxCrapScore="1" minCrapScore="1" visitedClasses="0" numClasses="0" visitedMethods="1" numMethods="1" />
              <MetadataToken>100663297</MetadataToken>
              <Name>System.Void LifeBoatUnitTest.Logic.Test.FileProcessTest::FileNameDoesExist()</Name>
              <FileRef uid="1" />
              <SequencePoints>
                <SequencePoint vc="1" uspid="1" ordinal="0" offset="0" sl="11" sc="9" el="11" ec="10" bec="0" bev="0" fileid="1">
                  <TrackedMethodRefs>
                    <TrackedMethodRef uid="1" vc="1" />
                  </TrackedMethodRefs>
                </SequencePoint>
                <SequencePoint vc="1" uspid="2" ordinal="1" offset="1" sl="13" sc="13" el="13" ec="49" bec="0" bev="0" fileid="1">
                  <TrackedMethodRefs>
                    <TrackedMethodRef uid="1" vc="1" />
                  </TrackedMethodRefs>
                </SequencePoint>
                <SequencePoint vc="1" uspid="3" ordinal="2" offset="7" sl="17" sc="13" el="17" ec="88" bec="0" bev="0" fileid="1">
                  <TrackedMethodRefs>
                    <TrackedMethodRef uid="1" vc="1" />
                  </TrackedMethodRefs>
                </SequencePoint>
                <SequencePoint vc="1" uspid="4" ordinal="3" offset="19" sl="20" sc="13" el="20" ec="51" bec="0" bev="0" fileid="1">
                  <TrackedMethodRefs>
                    <TrackedMethodRef uid="1" vc="1" />
                  </TrackedMethodRefs>
                </SequencePoint>
                <SequencePoint vc="1" uspid="5" ordinal="4" offset="26" sl="21" sc="9" el="21" ec="10" bec="0" bev="0" fileid="1">
                  <TrackedMethodRefs>
                    <TrackedMethodRef uid="1" vc="1" />
                  </TrackedMethodRefs>
                </SequencePoint>
              </SequencePoints>
              <BranchPoints />
              <MethodPoint xsi:type="SequencePoint" vc="1" uspid="1" ordinal="0" offset="0" sl="11" sc="9" el="11" ec="10" bec="0" bev="0" fileid="1">
                <TrackedMethodRefs>
                  <TrackedMethodRef uid="1" vc="1" />
                </TrackedMethodRefs>
              </MethodPoint>
            </Method>
            <Method visited="false" cyclomaticComplexity="1" nPathComplexity="0" sequenceCoverage="0" branchCoverage="0" crapScore="2" isConstructor="false" isStatic="false" isGetter="false" isSetter="false">
              <Summary numSequencePoints="5" visitedSequencePoints="0" numBranchPoints="1" visitedBranchPoints="0" sequenceCoverage="0" branchCoverage="0" maxCyclomaticComplexity="1" minCyclomaticComplexity="1" maxCrapScore="2" minCrapScore="2" visitedClasses="0" numClasses="0" visitedMethods="0" numMethods="1" />
              <MetadataToken>100663298</MetadataToken>
              <Name>System.Void LifeBoatUnitTest.Logic.Test.FileProcessTest::FileNameDoesNotExist()</Name>
              <FileRef uid="1" />
              <SequencePoints>
                <SequencePoint vc="0" uspid="6" ordinal="0" offset="0" sl="25" sc="9" el="25" ec="10" bec="0" bev="0" fileid="1" />
                <SequencePoint vc="0" uspid="7" ordinal="1" offset="1" sl="27" sc="13" el="27" ec="49" bec="0" bev="0" fileid="1" />
                <SequencePoint vc="0" uspid="8" ordinal="2" offset="7" sl="31" sc="13" el="31" ec="75" bec="0" bev="0" fileid="1" />
                <SequencePoint vc="0" uspid="9" ordinal="3" offset="19" sl="34" sc="13" el="34" ec="52" bec="0" bev="0" fileid="1" />
                <SequencePoint vc="0" uspid="10" ordinal="4" offset="26" sl="35" sc="9" el="35" ec="10" bec="0" bev="0" fileid="1" />
              </SequencePoints>
              <BranchPoints />
              <MethodPoint xsi:type="SequencePoint" vc="0" uspid="6" ordinal="0" offset="0" sl="25" sc="9" el="25" ec="10" bec="0" bev="0" fileid="1" />
            </Method>
            <Method visited="false" cyclomaticComplexity="1" nPathComplexity="0" sequenceCoverage="0" branchCoverage="0" crapScore="2" isConstructor="false" isStatic="false" isGetter="false" isSetter="false">
              <Summary numSequencePoints="4" visitedSequencePoints="0" numBranchPoints="1" visitedBranchPoints="0" sequenceCoverage="0" branchCoverage="0" maxCyclomaticComplexity="1" minCyclomaticComplexity="1" maxCrapScore="2" minCrapScore="2" visitedClasses="0" numClasses="0" visitedMethods="0" numMethods="1" />
              <MetadataToken>100663299</MetadataToken>
              <Name>System.Void LifeBoatUnitTest.Logic.Test.FileProcessTest::FileNameNullOrEmpty_ThrowsArgumentNullException()</Name>
              <FileRef uid="1" />
              <SequencePoints>
                <SequencePoint vc="0" uspid="11" ordinal="0" offset="0" sl="40" sc="9" el="40" ec="10" bec="0" bev="0" fileid="1" />
                <SequencePoint vc="0" uspid="12" ordinal="1" offset="1" sl="42" sc="13" el="42" ec="49" bec="0" bev="0" fileid="1" />
                <SequencePoint vc="0" uspid="13" ordinal="2" offset="7" sl="45" sc="13" el="45" ec="50" bec="0" bev="0" fileid="1" />
                <SequencePoint vc="0" uspid="14" ordinal="3" offset="19" sl="46" sc="9" el="46" ec="10" bec="0" bev="0" fileid="1" />
              </SequencePoints>
              <BranchPoints />
              <MethodPoint xsi:type="SequencePoint" vc="0" uspid="11" ordinal="0" offset="0" sl="40" sc="9" el="40" ec="10" bec="0" bev="0" fileid="1" />
            </Method>
            <Method visited="false" cyclomaticComplexity="1" nPathComplexity="0" sequenceCoverage="0" branchCoverage="0" crapScore="2" isConstructor="false" isStatic="false" isGetter="false" isSetter="false">
              <Summary numSequencePoints="10" visitedSequencePoints="0" numBranchPoints="1" visitedBranchPoints="0" sequenceCoverage="0" branchCoverage="0" maxCyclomaticComplexity="1" minCyclomaticComplexity="1" maxCrapScore="2" minCrapScore="2" visitedClasses="0" numClasses="0" visitedMethods="0" numMethods="1" />
              <MetadataToken>100663300</MetadataToken>
              <Name>System.Void LifeBoatUnitTest.Logic.Test.FileProcessTest::FileNameNullOrEmpty_ThrowsArgumentNullException_UsingTryCatch()</Name>
              <FileRef uid="1" />
              <SequencePoints>
                <SequencePoint vc="0" uspid="15" ordinal="0" offset="0" sl="50" sc="9" el="50" ec="10" bec="0" bev="0" fileid="1" />
                <SequencePoint vc="0" uspid="16" ordinal="1" offset="1" sl="52" sc="13" el="52" ec="49" bec="0" bev="0" fileid="1" />
                <SequencePoint vc="0" uspid="17" ordinal="2" offset="7" sl="55" sc="13" el="55" ec="14" bec="0" bev="0" fileid="1" />
                <SequencePoint vc="0" uspid="18" ordinal="3" offset="8" sl="57" sc="17" el="57" ec="54" bec="0" bev="0" fileid="1" />
                <SequencePoint vc="0" uspid="19" ordinal="4" offset="20" sl="58" sc="13" el="58" ec="14" bec="0" bev="0" fileid="1" />
                <SequencePoint vc="0" uspid="20" ordinal="5" offset="23" sl="59" sc="13" el="59" ec="30" bec="0" bev="0" fileid="1" />
                <SequencePoint vc="0" uspid="21" ordinal="6" offset="24" sl="60" sc="13" el="60" ec="14" bec="0" bev="0" fileid="1" />
                <SequencePoint vc="0" uspid="22" ordinal="7" offset="25" sl="62" sc="17" el="62" ec="24" bec="0" bev="0" fileid="1" />
                <SequencePoint vc="0" uspid="23" ordinal="8" offset="27" sl="66" sc="13" el="66" ec="86" bec="0" bev="0" fileid="1" />
                <SequencePoint vc="0" uspid="24" ordinal="9" offset="38" sl="67" sc="9" el="67" ec="10" bec="0" bev="0" fileid="1" />
              </SequencePoints>
              <BranchPoints />
              <MethodPoint xsi:type="SequencePoint" vc="0" uspid="15" ordinal="0" offset="0" sl="50" sc="9" el="50" ec="10" bec="0" bev="0" fileid="1" />
            </Method>
            <Method visited="false" cyclomaticComplexity="1" nPathComplexity="0" sequenceCoverage="0" branchCoverage="0" crapScore="2" isConstructor="true" isStatic="false" isGetter="false" isSetter="false">
              <Summary numSequencePoints="0" visitedSequencePoints="0" numBranchPoints="0" visitedBranchPoints="0" sequenceCoverage="0" branchCoverage="0" maxCyclomaticComplexity="1" minCyclomaticComplexity="1" maxCrapScore="2" minCrapScore="2" visitedClasses="0" numClasses="0" visitedMethods="0" numMethods="0" />
              <MetadataToken>100663301</MetadataToken>
              <Name>System.Void LifeBoatUnitTest.Logic.Test.FileProcessTest::.ctor()</Name>
              <SequencePoints />
              <BranchPoints />
              <MethodPoint vc="0" uspid="25" ordinal="0" offset="0" />
            </Method>
          </Methods>
        </Class>
      </Classes>
      <TrackedMethods>
        <TrackedMethod uid="1" token="100663297" name="System.Void LifeBoatUnitTest.Logic.Test.FileProcessTest::FileNameDoesExist()" strategy="MSTestTest" />
        <TrackedMethod uid="2" token="100663298" name="System.Void LifeBoatUnitTest.Logic.Test.FileProcessTest::FileNameDoesNotExist()" strategy="MSTestTest" />
        <TrackedMethod uid="3" token="100663299" name="System.Void LifeBoatUnitTest.Logic.Test.FileProcessTest::FileNameNullOrEmpty_ThrowsArgumentNullException()" strategy="MSTestTest" />
        <TrackedMethod uid="4" token="100663300" name="System.Void LifeBoatUnitTest.Logic.Test.FileProcessTest::FileNameNullOrEmpty_ThrowsArgumentNullException_UsingTryCatch()" strategy="MSTestTest" />
      </TrackedMethods>
    </Module>
    <Module hash="61-5D-3F-54-45-DD-57-65-5C-3E-8B-41-25-C2-16-05-F4-B5-50-1F">
      <Summary numSequencePoints="6" visitedSequencePoints="4" numBranchPoints="3" visitedBranchPoints="2" sequenceCoverage="66.67" branchCoverage="66.67" maxCyclomaticComplexity="2" minCyclomaticComplexity="1" maxCrapScore="2.15" minCrapScore="2" visitedClasses="1" numClasses="1" visitedMethods="1" numMethods="1" />
      <ModulePath>C:\Projects\DotNet\LifeBoatUnitTest\LifeBoatUnitTest.Logic\LifeBoatUnitTest.Logic.Test\bin\Debug\LifeBoatUnitTest.Logic.dll</ModulePath>
      <ModuleTime>2018-08-18T13:37:35.1449042Z</ModuleTime>
      <ModuleName>LifeBoatUnitTest.Logic</ModuleName>
      <Files>
        <File uid="3" fullPath="C:\Projects\DotNet\LifeBoatUnitTest\LifeBoatUnitTest.Logic\LifeBoatUnitTest.Logic\FileProcess.cs" />
      </Files>
      <Classes>
        <Class>
          <Summary numSequencePoints="6" visitedSequencePoints="4" numBranchPoints="3" visitedBranchPoints="2" sequenceCoverage="66.67" branchCoverage="66.67" maxCyclomaticComplexity="2" minCyclomaticComplexity="1" maxCrapScore="2.15" minCrapScore="2" visitedClasses="1" numClasses="1" visitedMethods="1" numMethods="1" />
          <FullName>LifeBoatUnitTest.Logic.FileProcess</FullName>
          <Methods>
            <Method visited="true" cyclomaticComplexity="2" nPathComplexity="2" sequenceCoverage="66.67" branchCoverage="66.67" crapScore="2.15" isConstructor="false" isStatic="false" isGetter="false" isSetter="false">
              <Summary numSequencePoints="6" visitedSequencePoints="4" numBranchPoints="3" visitedBranchPoints="2" sequenceCoverage="66.67" branchCoverage="66.67" maxCyclomaticComplexity="2" minCyclomaticComplexity="2" maxCrapScore="2.15" minCrapScore="2.15" visitedClasses="0" numClasses="0" visitedMethods="1" numMethods="1" />
              <MetadataToken>100663297</MetadataToken>
              <Name>System.Boolean LifeBoatUnitTest.Logic.FileProcess::FileExists(System.String)</Name>
              <FileRef uid="3" />
              <SequencePoints>
                <SequencePoint vc="1" uspid="26" ordinal="0" offset="0" sl="9" sc="9" el="9" ec="10" bec="0" bev="0" fileid="3">
                  <TrackedMethodRefs>
                    <TrackedMethodRef uid="1" vc="1" />
                  </TrackedMethodRefs>
                </SequencePoint>
                <SequencePoint vc="1" uspid="27" ordinal="1" offset="1" sl="10" sc="13" el="10" ec="48" bec="2" bev="1" fileid="3">
                  <TrackedMethodRefs>
                    <TrackedMethodRef uid="1" vc="1" />
                  </TrackedMethodRefs>
                </SequencePoint>
                <SequencePoint vc="0" uspid="28" ordinal="2" offset="11" sl="11" sc="13" el="11" ec="14" bec="0" bev="0" fileid="3" />
                <SequencePoint vc="0" uspid="29" ordinal="3" offset="12" sl="12" sc="17" el="12" ec="61" bec="0" bev="0" fileid="3" />
                <SequencePoint vc="1" uspid="30" ordinal="4" offset="23" sl="15" sc="13" el="15" ec="42" bec="0" bev="0" fileid="3">
                  <TrackedMethodRefs>
                    <TrackedMethodRef uid="1" vc="1" />
                  </TrackedMethodRefs>
                </SequencePoint>
                <SequencePoint vc="1" uspid="31" ordinal="5" offset="32" sl="16" sc="9" el="16" ec="10" bec="0" bev="0" fileid="3">
                  <TrackedMethodRefs>
                    <TrackedMethodRef uid="1" vc="1" />
                  </TrackedMethodRefs>
                </SequencePoint>
              </SequencePoints>
              <BranchPoints>
                <BranchPoint vc="0" uspid="32" ordinal="0" offset="9" sl="10" path="0" offsetend="11" fileid="3" />
                <BranchPoint vc="1" uspid="33" ordinal="1" offset="9" sl="10" path="1" offsetend="23" fileid="3">
                  <TrackedMethodRefs>
                    <TrackedMethodRef uid="1" vc="1" />
                  </TrackedMethodRefs>
                </BranchPoint>
              </BranchPoints>
              <MethodPoint xsi:type="SequencePoint" vc="1" uspid="26" ordinal="0" offset="0" sl="9" sc="9" el="9" ec="10" bec="0" bev="0" fileid="3">
                <TrackedMethodRefs>
                  <TrackedMethodRef uid="1" vc="1" />
                </TrackedMethodRefs>
              </MethodPoint>
            </Method>
            <Method visited="false" cyclomaticComplexity="1" nPathComplexity="0" sequenceCoverage="0" branchCoverage="0" crapScore="2" isConstructor="true" isStatic="false" isGetter="false" isSetter="false">
              <Summary numSequencePoints="0" visitedSequencePoints="0" numBranchPoints="0" visitedBranchPoints="0" sequenceCoverage="0" branchCoverage="0" maxCyclomaticComplexity="1" minCyclomaticComplexity="1" maxCrapScore="2" minCrapScore="2" visitedClasses="0" numClasses="0" visitedMethods="0" numMethods="0" />
              <MetadataToken>100663298</MetadataToken>
              <Name>System.Void LifeBoatUnitTest.Logic.FileProcess::.ctor()</Name>
              <SequencePoints />
              <BranchPoints />
              <MethodPoint vc="0" uspid="34" ordinal="0" offset="0" />
            </Method>
          </Methods>
        </Class>
      </Classes>
      <TrackedMethods />
    </Module>
  </Modules>
</CoverageSession>